<?xml version="1.0" encoding="UTF-8"?>
<!-- Generated by org.testng.reporters.JUnitReportReporter -->
<testsuite skipped="0" hostname="DESKTOP-7PT4AIA" name="com.crm.qa.testcases.HomePageTests" tests="3" failures="0" timestamp="29 Jul 2018 14:59:30 GMT" time="81.872" errors="0">
  <testcase name="verifyHomePageTitleTest" time="30.438" classname="com.crm.qa.testcases.HomePageTests"/>
  <testcase name="verifyUserNameLabelTest" time="23.747" classname="com.crm.qa.testcases.HomePageTests"/>
  <testcase name="clickOnContactsLinkTest" time="27.687" classname="com.crm.qa.testcases.HomePageTests"/>
</testsuite> <!-- com.crm.qa.testcases.HomePageTests -->
